<?xml version="1.0" encoding="UTF-8"?>
<!-- Generated by org.testng.reporters.JUnitReportReporter -->
<testsuite hostname="BSBLRL-12693" failures="0" tests="1" name="Stepdefinitions.demo" time="0.008" errors="0" timestamp="19 Aug 2022 05:45:38 GMT" skipped="0">
  <testcase classname="Stepdefinitions.demo" name="sayhello" time="0.008"/>
</testsuite> <!-- Stepdefinitions.demo -->
